2017-02-01T09:12:44+00:00 ERR (3): 
exception 'Mage_Core_Exception' with message 'Mage registry key "_singleton/visu_observer" already exists' in C:\wamp\www\magento\app\Mage.php:595
Stack trace:
#0 C:\wamp\www\magento\app\Mage.php(223): Mage::throwException('Mage registry k...')
#1 C:\wamp\www\magento\app\Mage.php(477): Mage::register('_singleton/visu...', false)
#2 C:\wamp\www\magento\app\code\core\Mage\Core\Model\App.php(1335): Mage::getSingleton('visu_observer')
#3 C:\wamp\www\magento\app\Mage.php(448): Mage_Core_Model_App->dispatchEvent('catalog_product...', Array)
#4 C:\wamp\www\magento\app\code\core\Mage\Core\Model\Abstract.php(255): Mage::dispatchEvent('catalog_product...', Array)
#5 C:\wamp\www\magento\app\code\core\Mage\Core\Model\Abstract.php(224): Mage_Core_Model_Abstract->_beforeLoad('19', NULL)
#6 C:\wamp\www\magento\app\design\frontend\default\madame-modern\template\catalog\product\view.phtml(106): Mage_Core_Model_Abstract->load('19')
#7 C:\wamp\www\magento\app\code\core\Mage\Core\Block\Template.php(241): include('C:\wamp\www\mag...')
#8 C:\wamp\www\magento\app\code\core\Mage\Core\Block\Template.php(272): Mage_Core_Block_Template->fetchView('frontend\defaul...')
#9 C:\wamp\www\magento\app\code\core\Mage\Core\Block\Template.php(286): Mage_Core_Block_Template->renderView()
#10 C:\wamp\www\magento\app\code\core\Mage\Core\Block\Abstract.php(919): Mage_Core_Block_Template->_toHtml()
#11 C:\wamp\www\magento\app\code\core\Mage\Core\Block\Text\List.php(43): Mage_Core_Block_Abstract->toHtml()
#12 C:\wamp\www\magento\app\code\core\Mage\Core\Block\Abstract.php(919): Mage_Core_Block_Text_List->_toHtml()
#13 C:\wamp\www\magento\app\code\core\Mage\Core\Block\Abstract.php(637): Mage_Core_Block_Abstract->toHtml()
#14 C:\wamp\www\magento\app\code\core\Mage\Core\Block\Abstract.php(581): Mage_Core_Block_Abstract->_getChildHtml('content', true)
#15 C:\wamp\www\magento\app\design\frontend\default\madame-modern\template\page\1column.phtml(48): Mage_Core_Block_Abstract->getChildHtml('content')
#16 C:\wamp\www\magento\app\code\core\Mage\Core\Block\Template.php(241): include('C:\wamp\www\mag...')
#17 C:\wamp\www\magento\app\code\core\Mage\Core\Block\Template.php(272): Mage_Core_Block_Template->fetchView('frontend\defaul...')
#18 C:\wamp\www\magento\app\code\core\Mage\Core\Block\Template.php(286): Mage_Core_Block_Template->renderView()
#19 C:\wamp\www\magento\app\code\core\Mage\Core\Block\Abstract.php(919): Mage_Core_Block_Template->_toHtml()
#20 C:\wamp\www\magento\app\code\core\Mage\Core\Model\Layout.php(555): Mage_Core_Block_Abstract->toHtml()
#21 C:\wamp\www\magento\app\code\core\Mage\Core\Controller\Varien\Action.php(390): Mage_Core_Model_Layout->getOutput()
#22 C:\wamp\www\magento\app\code\core\Mage\Catalog\Helper\Product\View.php(147): Mage_Core_Controller_Varien_Action->renderLayout()
#23 C:\wamp\www\magento\app\code\core\Mage\Catalog\controllers\ProductController.php(132): Mage_Catalog_Helper_Product_View->prepareAndRender(17, Object(Mage_Catalog_ProductController), Object(Varien_Object))
#24 C:\wamp\www\magento\app\code\core\Mage\Core\Controller\Varien\Action.php(418): Mage_Catalog_ProductController->viewAction()
#25 C:\wamp\www\magento\app\code\core\Mage\Core\Controller\Varien\Router\Standard.php(254): Mage_Core_Controller_Varien_Action->dispatch('view')
#26 C:\wamp\www\magento\app\code\core\Mage\Core\Controller\Varien\Front.php(172): Mage_Core_Controller_Varien_Router_Standard->match(Object(Mage_Core_Controller_Request_Http))
#27 C:\wamp\www\magento\app\code\core\Mage\Core\Model\App.php(365): Mage_Core_Controller_Varien_Front->dispatch()
#28 C:\wamp\www\magento\app\Mage.php(684): Mage_Core_Model_App->run(Array)
#29 C:\wamp\www\magento\index.php(83): Mage::run('', 'store')
#30 {main}
2017-02-01T09:13:31+00:00 ERR (3): 
exception 'Mage_Core_Exception' with message 'Mage registry key "_singleton/visu_observer" already exists' in C:\wamp\www\magento\app\Mage.php:595
Stack trace:
#0 C:\wamp\www\magento\app\Mage.php(223): Mage::throwException('Mage registry k...')
#1 C:\wamp\www\magento\app\Mage.php(477): Mage::register('_singleton/visu...', false)
#2 C:\wamp\www\magento\app\code\core\Mage\Core\Model\App.php(1335): Mage::getSingleton('visu_observer')
#3 C:\wamp\www\magento\app\Mage.php(448): Mage_Core_Model_App->dispatchEvent('catalog_product...', Array)
#4 C:\wamp\www\magento\app\code\core\Mage\Core\Model\Abstract.php(255): Mage::dispatchEvent('catalog_product...', Array)
#5 C:\wamp\www\magento\app\code\core\Mage\Core\Model\Abstract.php(224): Mage_Core_Model_Abstract->_beforeLoad('19', NULL)
#6 C:\wamp\www\magento\app\design\frontend\default\madame-modern\template\catalog\product\view.phtml(106): Mage_Core_Model_Abstract->load('19')
#7 C:\wamp\www\magento\app\code\core\Mage\Core\Block\Template.php(241): include('C:\wamp\www\mag...')
#8 C:\wamp\www\magento\app\code\core\Mage\Core\Block\Template.php(272): Mage_Core_Block_Template->fetchView('frontend\defaul...')
#9 C:\wamp\www\magento\app\code\core\Mage\Core\Block\Template.php(286): Mage_Core_Block_Template->renderView()
#10 C:\wamp\www\magento\app\code\core\Mage\Core\Block\Abstract.php(919): Mage_Core_Block_Template->_toHtml()
#11 C:\wamp\www\magento\app\code\core\Mage\Core\Block\Text\List.php(43): Mage_Core_Block_Abstract->toHtml()
#12 C:\wamp\www\magento\app\code\core\Mage\Core\Block\Abstract.php(919): Mage_Core_Block_Text_List->_toHtml()
#13 C:\wamp\www\magento\app\code\core\Mage\Core\Block\Abstract.php(637): Mage_Core_Block_Abstract->toHtml()
#14 C:\wamp\www\magento\app\code\core\Mage\Core\Block\Abstract.php(581): Mage_Core_Block_Abstract->_getChildHtml('content', true)
#15 C:\wamp\www\magento\app\design\frontend\default\madame-modern\template\page\1column.phtml(48): Mage_Core_Block_Abstract->getChildHtml('content')
#16 C:\wamp\www\magento\app\code\core\Mage\Core\Block\Template.php(241): include('C:\wamp\www\mag...')
#17 C:\wamp\www\magento\app\code\core\Mage\Core\Block\Template.php(272): Mage_Core_Block_Template->fetchView('frontend\defaul...')
#18 C:\wamp\www\magento\app\code\core\Mage\Core\Block\Template.php(286): Mage_Core_Block_Template->renderView()
#19 C:\wamp\www\magento\app\code\core\Mage\Core\Block\Abstract.php(919): Mage_Core_Block_Template->_toHtml()
#20 C:\wamp\www\magento\app\code\core\Mage\Core\Model\Layout.php(555): Mage_Core_Block_Abstract->toHtml()
#21 C:\wamp\www\magento\app\code\core\Mage\Core\Controller\Varien\Action.php(390): Mage_Core_Model_Layout->getOutput()
#22 C:\wamp\www\magento\app\code\core\Mage\Catalog\Helper\Product\View.php(147): Mage_Core_Controller_Varien_Action->renderLayout()
#23 C:\wamp\www\magento\app\code\core\Mage\Catalog\controllers\ProductController.php(132): Mage_Catalog_Helper_Product_View->prepareAndRender(17, Object(Mage_Catalog_ProductController), Object(Varien_Object))
#24 C:\wamp\www\magento\app\code\core\Mage\Core\Controller\Varien\Action.php(418): Mage_Catalog_ProductController->viewAction()
#25 C:\wamp\www\magento\app\code\core\Mage\Core\Controller\Varien\Router\Standard.php(254): Mage_Core_Controller_Varien_Action->dispatch('view')
#26 C:\wamp\www\magento\app\code\core\Mage\Core\Controller\Varien\Front.php(172): Mage_Core_Controller_Varien_Router_Standard->match(Object(Mage_Core_Controller_Request_Http))
#27 C:\wamp\www\magento\app\code\core\Mage\Core\Model\App.php(365): Mage_Core_Controller_Varien_Front->dispatch()
#28 C:\wamp\www\magento\app\Mage.php(684): Mage_Core_Model_App->run(Array)
#29 C:\wamp\www\magento\index.php(83): Mage::run('', 'store')
#30 {main}
2017-02-01T09:28:53+00:00 ERR (3): 
exception 'Mage_Core_Exception' with message 'Mage registry key "_singleton/helloworld/visu_observe" already exists' in C:\wamp\www\magento\app\Mage.php:595
Stack trace:
#0 C:\wamp\www\magento\app\Mage.php(223): Mage::throwException('Mage registry k...')
#1 C:\wamp\www\magento\app\Mage.php(477): Mage::register('_singleton/hell...', false)
#2 C:\wamp\www\magento\app\code\core\Mage\Core\Model\App.php(1335): Mage::getSingleton('helloworld/visu...')
#3 C:\wamp\www\magento\app\Mage.php(448): Mage_Core_Model_App->dispatchEvent('catalog_product...', Array)
#4 C:\wamp\www\magento\app\code\core\Mage\Core\Model\Abstract.php(255): Mage::dispatchEvent('catalog_product...', Array)
#5 C:\wamp\www\magento\app\code\core\Mage\Core\Model\Abstract.php(224): Mage_Core_Model_Abstract->_beforeLoad('19', NULL)
#6 C:\wamp\www\magento\app\design\frontend\default\madame-modern\template\catalog\product\view.phtml(106): Mage_Core_Model_Abstract->load('19')
#7 C:\wamp\www\magento\app\code\core\Mage\Core\Block\Template.php(241): include('C:\wamp\www\mag...')
#8 C:\wamp\www\magento\app\code\core\Mage\Core\Block\Template.php(272): Mage_Core_Block_Template->fetchView('frontend\defaul...')
#9 C:\wamp\www\magento\app\code\core\Mage\Core\Block\Template.php(286): Mage_Core_Block_Template->renderView()
#10 C:\wamp\www\magento\app\code\core\Mage\Core\Block\Abstract.php(919): Mage_Core_Block_Template->_toHtml()
#11 C:\wamp\www\magento\app\code\core\Mage\Core\Block\Text\List.php(43): Mage_Core_Block_Abstract->toHtml()
#12 C:\wamp\www\magento\app\code\core\Mage\Core\Block\Abstract.php(919): Mage_Core_Block_Text_List->_toHtml()
#13 C:\wamp\www\magento\app\code\core\Mage\Core\Block\Abstract.php(637): Mage_Core_Block_Abstract->toHtml()
#14 C:\wamp\www\magento\app\code\core\Mage\Core\Block\Abstract.php(581): Mage_Core_Block_Abstract->_getChildHtml('content', true)
#15 C:\wamp\www\magento\app\design\frontend\default\madame-modern\template\page\1column.phtml(48): Mage_Core_Block_Abstract->getChildHtml('content')
#16 C:\wamp\www\magento\app\code\core\Mage\Core\Block\Template.php(241): include('C:\wamp\www\mag...')
#17 C:\wamp\www\magento\app\code\core\Mage\Core\Block\Template.php(272): Mage_Core_Block_Template->fetchView('frontend\defaul...')
#18 C:\wamp\www\magento\app\code\core\Mage\Core\Block\Template.php(286): Mage_Core_Block_Template->renderView()
#19 C:\wamp\www\magento\app\code\core\Mage\Core\Block\Abstract.php(919): Mage_Core_Block_Template->_toHtml()
#20 C:\wamp\www\magento\app\code\core\Mage\Core\Model\Layout.php(555): Mage_Core_Block_Abstract->toHtml()
#21 C:\wamp\www\magento\app\code\core\Mage\Core\Controller\Varien\Action.php(390): Mage_Core_Model_Layout->getOutput()
#22 C:\wamp\www\magento\app\code\core\Mage\Catalog\Helper\Product\View.php(147): Mage_Core_Controller_Varien_Action->renderLayout()
#23 C:\wamp\www\magento\app\code\core\Mage\Catalog\controllers\ProductController.php(132): Mage_Catalog_Helper_Product_View->prepareAndRender(17, Object(Mage_Catalog_ProductController), Object(Varien_Object))
#24 C:\wamp\www\magento\app\code\core\Mage\Core\Controller\Varien\Action.php(418): Mage_Catalog_ProductController->viewAction()
#25 C:\wamp\www\magento\app\code\core\Mage\Core\Controller\Varien\Router\Standard.php(254): Mage_Core_Controller_Varien_Action->dispatch('view')
#26 C:\wamp\www\magento\app\code\core\Mage\Core\Controller\Varien\Front.php(172): Mage_Core_Controller_Varien_Router_Standard->match(Object(Mage_Core_Controller_Request_Http))
#27 C:\wamp\www\magento\app\code\core\Mage\Core\Model\App.php(365): Mage_Core_Controller_Varien_Front->dispatch()
#28 C:\wamp\www\magento\app\Mage.php(684): Mage_Core_Model_App->run(Array)
#29 C:\wamp\www\magento\index.php(83): Mage::run('', 'store')
#30 {main}
2017-02-01T09:30:00+00:00 ERR (3): 
exception 'Mage_Core_Exception' with message 'Mage registry key "_singleton/helloworld/visu_obs" already exists' in C:\wamp\www\magento\app\Mage.php:595
Stack trace:
#0 C:\wamp\www\magento\app\Mage.php(223): Mage::throwException('Mage registry k...')
#1 C:\wamp\www\magento\app\Mage.php(477): Mage::register('_singleton/hell...', false)
#2 C:\wamp\www\magento\app\code\core\Mage\Core\Model\App.php(1335): Mage::getSingleton('helloworld/visu...')
#3 C:\wamp\www\magento\app\Mage.php(448): Mage_Core_Model_App->dispatchEvent('catalog_product...', Array)
#4 C:\wamp\www\magento\app\code\core\Mage\Core\Model\Abstract.php(255): Mage::dispatchEvent('catalog_product...', Array)
#5 C:\wamp\www\magento\app\code\core\Mage\Core\Model\Abstract.php(224): Mage_Core_Model_Abstract->_beforeLoad('20', NULL)
#6 C:\wamp\www\magento\app\design\frontend\default\madame-modern\template\catalog\product\view.phtml(106): Mage_Core_Model_Abstract->load('20')
#7 C:\wamp\www\magento\app\code\core\Mage\Core\Block\Template.php(241): include('C:\wamp\www\mag...')
#8 C:\wamp\www\magento\app\code\core\Mage\Core\Block\Template.php(272): Mage_Core_Block_Template->fetchView('frontend\defaul...')
#9 C:\wamp\www\magento\app\code\core\Mage\Core\Block\Template.php(286): Mage_Core_Block_Template->renderView()
#10 C:\wamp\www\magento\app\code\core\Mage\Core\Block\Abstract.php(919): Mage_Core_Block_Template->_toHtml()
#11 C:\wamp\www\magento\app\code\core\Mage\Core\Block\Text\List.php(43): Mage_Core_Block_Abstract->toHtml()
#12 C:\wamp\www\magento\app\code\core\Mage\Core\Block\Abstract.php(919): Mage_Core_Block_Text_List->_toHtml()
#13 C:\wamp\www\magento\app\code\core\Mage\Core\Block\Abstract.php(637): Mage_Core_Block_Abstract->toHtml()
#14 C:\wamp\www\magento\app\code\core\Mage\Core\Block\Abstract.php(581): Mage_Core_Block_Abstract->_getChildHtml('content', true)
#15 C:\wamp\www\magento\app\design\frontend\default\madame-modern\template\page\1column.phtml(48): Mage_Core_Block_Abstract->getChildHtml('content')
#16 C:\wamp\www\magento\app\code\core\Mage\Core\Block\Template.php(241): include('C:\wamp\www\mag...')
#17 C:\wamp\www\magento\app\code\core\Mage\Core\Block\Template.php(272): Mage_Core_Block_Template->fetchView('frontend\defaul...')
#18 C:\wamp\www\magento\app\code\core\Mage\Core\Block\Template.php(286): Mage_Core_Block_Template->renderView()
#19 C:\wamp\www\magento\app\code\core\Mage\Core\Block\Abstract.php(919): Mage_Core_Block_Template->_toHtml()
#20 C:\wamp\www\magento\app\code\core\Mage\Core\Model\Layout.php(555): Mage_Core_Block_Abstract->toHtml()
#21 C:\wamp\www\magento\app\code\core\Mage\Core\Controller\Varien\Action.php(390): Mage_Core_Model_Layout->getOutput()
#22 C:\wamp\www\magento\app\code\core\Mage\Catalog\Helper\Product\View.php(147): Mage_Core_Controller_Varien_Action->renderLayout()
#23 C:\wamp\www\magento\app\code\core\Mage\Catalog\controllers\ProductController.php(132): Mage_Catalog_Helper_Product_View->prepareAndRender(19, Object(Mage_Catalog_ProductController), Object(Varien_Object))
#24 C:\wamp\www\magento\app\code\core\Mage\Core\Controller\Varien\Action.php(418): Mage_Catalog_ProductController->viewAction()
#25 C:\wamp\www\magento\app\code\core\Mage\Core\Controller\Varien\Router\Standard.php(254): Mage_Core_Controller_Varien_Action->dispatch('view')
#26 C:\wamp\www\magento\app\code\core\Mage\Core\Controller\Varien\Front.php(172): Mage_Core_Controller_Varien_Router_Standard->match(Object(Mage_Core_Controller_Request_Http))
#27 C:\wamp\www\magento\app\code\core\Mage\Core\Model\App.php(365): Mage_Core_Controller_Varien_Front->dispatch()
#28 C:\wamp\www\magento\app\Mage.php(684): Mage_Core_Model_App->run(Array)
#29 C:\wamp\www\magento\index.php(83): Mage::run('', 'store')
#30 {main}
2017-02-01T09:35:46+00:00 ERR (3): 
exception 'Mage_Core_Exception' with message 'Mage registry key "_singleton/helloworld/visu_obs" already exists' in C:\wamp\www\magento\app\Mage.php:595
Stack trace:
#0 C:\wamp\www\magento\app\Mage.php(223): Mage::throwException('Mage registry k...')
#1 C:\wamp\www\magento\app\Mage.php(477): Mage::register('_singleton/hell...', false)
#2 C:\wamp\www\magento\app\code\core\Mage\Core\Model\App.php(1335): Mage::getSingleton('helloworld/visu...')
#3 C:\wamp\www\magento\app\Mage.php(448): Mage_Core_Model_App->dispatchEvent('catalog_product...', Array)
#4 C:\wamp\www\magento\app\code\core\Mage\Core\Model\Abstract.php(255): Mage::dispatchEvent('catalog_product...', Array)
#5 C:\wamp\www\magento\app\code\core\Mage\Core\Model\Abstract.php(224): Mage_Core_Model_Abstract->_beforeLoad('20', NULL)
#6 C:\wamp\www\magento\app\design\frontend\default\madame-modern\template\catalog\product\view.phtml(106): Mage_Core_Model_Abstract->load('20')
#7 C:\wamp\www\magento\app\code\core\Mage\Core\Block\Template.php(241): include('C:\wamp\www\mag...')
#8 C:\wamp\www\magento\app\code\core\Mage\Core\Block\Template.php(272): Mage_Core_Block_Template->fetchView('frontend\defaul...')
#9 C:\wamp\www\magento\app\code\core\Mage\Core\Block\Template.php(286): Mage_Core_Block_Template->renderView()
#10 C:\wamp\www\magento\app\code\core\Mage\Core\Block\Abstract.php(919): Mage_Core_Block_Template->_toHtml()
#11 C:\wamp\www\magento\app\code\core\Mage\Core\Block\Text\List.php(43): Mage_Core_Block_Abstract->toHtml()
#12 C:\wamp\www\magento\app\code\core\Mage\Core\Block\Abstract.php(919): Mage_Core_Block_Text_List->_toHtml()
#13 C:\wamp\www\magento\app\code\core\Mage\Core\Block\Abstract.php(637): Mage_Core_Block_Abstract->toHtml()
#14 C:\wamp\www\magento\app\code\core\Mage\Core\Block\Abstract.php(581): Mage_Core_Block_Abstract->_getChildHtml('content', true)
#15 C:\wamp\www\magento\app\design\frontend\default\madame-modern\template\page\1column.phtml(48): Mage_Core_Block_Abstract->getChildHtml('content')
#16 C:\wamp\www\magento\app\code\core\Mage\Core\Block\Template.php(241): include('C:\wamp\www\mag...')
#17 C:\wamp\www\magento\app\code\core\Mage\Core\Block\Template.php(272): Mage_Core_Block_Template->fetchView('frontend\defaul...')
#18 C:\wamp\www\magento\app\code\core\Mage\Core\Block\Template.php(286): Mage_Core_Block_Template->renderView()
#19 C:\wamp\www\magento\app\code\core\Mage\Core\Block\Abstract.php(919): Mage_Core_Block_Template->_toHtml()
#20 C:\wamp\www\magento\app\code\core\Mage\Core\Model\Layout.php(555): Mage_Core_Block_Abstract->toHtml()
#21 C:\wamp\www\magento\app\code\core\Mage\Core\Controller\Varien\Action.php(390): Mage_Core_Model_Layout->getOutput()
#22 C:\wamp\www\magento\app\code\core\Mage\Catalog\Helper\Product\View.php(147): Mage_Core_Controller_Varien_Action->renderLayout()
#23 C:\wamp\www\magento\app\code\core\Mage\Catalog\controllers\ProductController.php(132): Mage_Catalog_Helper_Product_View->prepareAndRender(19, Object(Mage_Catalog_ProductController), Object(Varien_Object))
#24 C:\wamp\www\magento\app\code\core\Mage\Core\Controller\Varien\Action.php(418): Mage_Catalog_ProductController->viewAction()
#25 C:\wamp\www\magento\app\code\core\Mage\Core\Controller\Varien\Router\Standard.php(254): Mage_Core_Controller_Varien_Action->dispatch('view')
#26 C:\wamp\www\magento\app\code\core\Mage\Core\Controller\Varien\Front.php(172): Mage_Core_Controller_Varien_Router_Standard->match(Object(Mage_Core_Controller_Request_Http))
#27 C:\wamp\www\magento\app\code\core\Mage\Core\Model\App.php(365): Mage_Core_Controller_Varien_Front->dispatch()
#28 C:\wamp\www\magento\app\Mage.php(684): Mage_Core_Model_App->run(Array)
#29 C:\wamp\www\magento\index.php(83): Mage::run('', 'store')
#30 {main}
2017-02-01T09:40:28+00:00 ERR (3): 
exception 'Mage_Core_Exception' with message 'Mage registry key "_singleton/helloworld/visu_obs" already exists' in C:\wamp\www\magento\app\Mage.php:595
Stack trace:
#0 C:\wamp\www\magento\app\Mage.php(223): Mage::throwException('Mage registry k...')
#1 C:\wamp\www\magento\app\Mage.php(477): Mage::register('_singleton/hell...', false)
#2 C:\wamp\www\magento\app\code\core\Mage\Core\Model\App.php(1335): Mage::getSingleton('helloworld/visu...')
#3 C:\wamp\www\magento\app\Mage.php(448): Mage_Core_Model_App->dispatchEvent('catalog_product...', Array)
#4 C:\wamp\www\magento\app\code\core\Mage\Core\Model\Abstract.php(255): Mage::dispatchEvent('catalog_product...', Array)
#5 C:\wamp\www\magento\app\code\core\Mage\Core\Model\Abstract.php(224): Mage_Core_Model_Abstract->_beforeLoad('21', NULL)
#6 C:\wamp\www\magento\app\design\frontend\default\madame-modern\template\catalog\product\view.phtml(106): Mage_Core_Model_Abstract->load('21')
#7 C:\wamp\www\magento\app\code\core\Mage\Core\Block\Template.php(241): include('C:\wamp\www\mag...')
#8 C:\wamp\www\magento\app\code\core\Mage\Core\Block\Template.php(272): Mage_Core_Block_Template->fetchView('frontend\defaul...')
#9 C:\wamp\www\magento\app\code\core\Mage\Core\Block\Template.php(286): Mage_Core_Block_Template->renderView()
#10 C:\wamp\www\magento\app\code\core\Mage\Core\Block\Abstract.php(919): Mage_Core_Block_Template->_toHtml()
#11 C:\wamp\www\magento\app\code\core\Mage\Core\Block\Text\List.php(43): Mage_Core_Block_Abstract->toHtml()
#12 C:\wamp\www\magento\app\code\core\Mage\Core\Block\Abstract.php(919): Mage_Core_Block_Text_List->_toHtml()
#13 C:\wamp\www\magento\app\code\core\Mage\Core\Block\Abstract.php(637): Mage_Core_Block_Abstract->toHtml()
#14 C:\wamp\www\magento\app\code\core\Mage\Core\Block\Abstract.php(581): Mage_Core_Block_Abstract->_getChildHtml('content', true)
#15 C:\wamp\www\magento\app\design\frontend\default\madame-modern\template\page\1column.phtml(48): Mage_Core_Block_Abstract->getChildHtml('content')
#16 C:\wamp\www\magento\app\code\core\Mage\Core\Block\Template.php(241): include('C:\wamp\www\mag...')
#17 C:\wamp\www\magento\app\code\core\Mage\Core\Block\Template.php(272): Mage_Core_Block_Template->fetchView('frontend\defaul...')
#18 C:\wamp\www\magento\app\code\core\Mage\Core\Block\Template.php(286): Mage_Core_Block_Template->renderView()
#19 C:\wamp\www\magento\app\code\core\Mage\Core\Block\Abstract.php(919): Mage_Core_Block_Template->_toHtml()
#20 C:\wamp\www\magento\app\code\core\Mage\Core\Model\Layout.php(555): Mage_Core_Block_Abstract->toHtml()
#21 C:\wamp\www\magento\app\code\core\Mage\Core\Controller\Varien\Action.php(390): Mage_Core_Model_Layout->getOutput()
#22 C:\wamp\www\magento\app\code\core\Mage\Catalog\Helper\Product\View.php(147): Mage_Core_Controller_Varien_Action->renderLayout()
#23 C:\wamp\www\magento\app\code\core\Mage\Catalog\controllers\ProductController.php(132): Mage_Catalog_Helper_Product_View->prepareAndRender(20, Object(Mage_Catalog_ProductController), Object(Varien_Object))
#24 C:\wamp\www\magento\app\code\core\Mage\Core\Controller\Varien\Action.php(418): Mage_Catalog_ProductController->viewAction()
#25 C:\wamp\www\magento\app\code\core\Mage\Core\Controller\Varien\Router\Standard.php(254): Mage_Core_Controller_Varien_Action->dispatch('view')
#26 C:\wamp\www\magento\app\code\core\Mage\Core\Controller\Varien\Front.php(172): Mage_Core_Controller_Varien_Router_Standard->match(Object(Mage_Core_Controller_Request_Http))
#27 C:\wamp\www\magento\app\code\core\Mage\Core\Model\App.php(365): Mage_Core_Controller_Varien_Front->dispatch()
#28 C:\wamp\www\magento\app\Mage.php(684): Mage_Core_Model_App->run(Array)
#29 C:\wamp\www\magento\index.php(83): Mage::run('', 'store')
#30 {main}
2017-02-01T09:44:36+00:00 ERR (3): 
exception 'Mage_Core_Exception' with message 'Mage registry key "_singleton/helloworld/visu_obs" already exists' in C:\wamp\www\magento\app\Mage.php:595
Stack trace:
#0 C:\wamp\www\magento\app\Mage.php(223): Mage::throwException('Mage registry k...')
#1 C:\wamp\www\magento\app\Mage.php(477): Mage::register('_singleton/hell...', false)
#2 C:\wamp\www\magento\app\code\core\Mage\Core\Model\App.php(1335): Mage::getSingleton('helloworld/visu...')
#3 C:\wamp\www\magento\app\Mage.php(448): Mage_Core_Model_App->dispatchEvent('catalog_product...', Array)
#4 C:\wamp\www\magento\app\code\core\Mage\Core\Model\Abstract.php(255): Mage::dispatchEvent('catalog_product...', Array)
#5 C:\wamp\www\magento\app\code\core\Mage\Core\Model\Abstract.php(224): Mage_Core_Model_Abstract->_beforeLoad('19', NULL)
#6 C:\wamp\www\magento\app\design\frontend\default\madame-modern\template\catalog\product\view.phtml(106): Mage_Core_Model_Abstract->load('19')
#7 C:\wamp\www\magento\app\code\core\Mage\Core\Block\Template.php(241): include('C:\wamp\www\mag...')
#8 C:\wamp\www\magento\app\code\core\Mage\Core\Block\Template.php(272): Mage_Core_Block_Template->fetchView('frontend\defaul...')
#9 C:\wamp\www\magento\app\code\core\Mage\Core\Block\Template.php(286): Mage_Core_Block_Template->renderView()
#10 C:\wamp\www\magento\app\code\core\Mage\Core\Block\Abstract.php(919): Mage_Core_Block_Template->_toHtml()
#11 C:\wamp\www\magento\app\code\core\Mage\Core\Block\Text\List.php(43): Mage_Core_Block_Abstract->toHtml()
#12 C:\wamp\www\magento\app\code\core\Mage\Core\Block\Abstract.php(919): Mage_Core_Block_Text_List->_toHtml()
#13 C:\wamp\www\magento\app\code\core\Mage\Core\Block\Abstract.php(637): Mage_Core_Block_Abstract->toHtml()
#14 C:\wamp\www\magento\app\code\core\Mage\Core\Block\Abstract.php(581): Mage_Core_Block_Abstract->_getChildHtml('content', true)
#15 C:\wamp\www\magento\app\design\frontend\default\madame-modern\template\page\1column.phtml(48): Mage_Core_Block_Abstract->getChildHtml('content')
#16 C:\wamp\www\magento\app\code\core\Mage\Core\Block\Template.php(241): include('C:\wamp\www\mag...')
#17 C:\wamp\www\magento\app\code\core\Mage\Core\Block\Template.php(272): Mage_Core_Block_Template->fetchView('frontend\defaul...')
#18 C:\wamp\www\magento\app\code\core\Mage\Core\Block\Template.php(286): Mage_Core_Block_Template->renderView()
#19 C:\wamp\www\magento\app\code\core\Mage\Core\Block\Abstract.php(919): Mage_Core_Block_Template->_toHtml()
#20 C:\wamp\www\magento\app\code\core\Mage\Core\Model\Layout.php(555): Mage_Core_Block_Abstract->toHtml()
#21 C:\wamp\www\magento\app\code\core\Mage\Core\Controller\Varien\Action.php(390): Mage_Core_Model_Layout->getOutput()
#22 C:\wamp\www\magento\app\code\core\Mage\Catalog\Helper\Product\View.php(147): Mage_Core_Controller_Varien_Action->renderLayout()
#23 C:\wamp\www\magento\app\code\core\Mage\Catalog\controllers\ProductController.php(132): Mage_Catalog_Helper_Product_View->prepareAndRender(17, Object(Mage_Catalog_ProductController), Object(Varien_Object))
#24 C:\wamp\www\magento\app\code\core\Mage\Core\Controller\Varien\Action.php(418): Mage_Catalog_ProductController->viewAction()
#25 C:\wamp\www\magento\app\code\core\Mage\Core\Controller\Varien\Router\Standard.php(254): Mage_Core_Controller_Varien_Action->dispatch('view')
#26 C:\wamp\www\magento\app\code\core\Mage\Core\Controller\Varien\Front.php(172): Mage_Core_Controller_Varien_Router_Standard->match(Object(Mage_Core_Controller_Request_Http))
#27 C:\wamp\www\magento\app\code\core\Mage\Core\Model\App.php(365): Mage_Core_Controller_Varien_Front->dispatch()
#28 C:\wamp\www\magento\app\Mage.php(684): Mage_Core_Model_App->run(Array)
#29 C:\wamp\www\magento\index.php(83): Mage::run('', 'store')
#30 {main}
2017-02-01T09:45:35+00:00 ERR (3): 
exception 'Mage_Core_Exception' with message 'Mage registry key "_singleton/helloworld/visu_obs" already exists' in C:\wamp\www\magento\app\Mage.php:595
Stack trace:
#0 C:\wamp\www\magento\app\Mage.php(223): Mage::throwException('Mage registry k...')
#1 C:\wamp\www\magento\app\Mage.php(477): Mage::register('_singleton/hell...', false)
#2 C:\wamp\www\magento\app\code\core\Mage\Core\Model\App.php(1335): Mage::getSingleton('helloworld/visu...')
#3 C:\wamp\www\magento\app\Mage.php(448): Mage_Core_Model_App->dispatchEvent('catalog_product...', Array)
#4 C:\wamp\www\magento\app\code\core\Mage\Core\Model\Abstract.php(255): Mage::dispatchEvent('catalog_product...', Array)
#5 C:\wamp\www\magento\app\code\core\Mage\Core\Model\Abstract.php(224): Mage_Core_Model_Abstract->_beforeLoad('19', NULL)
#6 C:\wamp\www\magento\app\design\frontend\default\madame-modern\template\catalog\product\view.phtml(106): Mage_Core_Model_Abstract->load('19')
#7 C:\wamp\www\magento\app\code\core\Mage\Core\Block\Template.php(241): include('C:\wamp\www\mag...')
#8 C:\wamp\www\magento\app\code\core\Mage\Core\Block\Template.php(272): Mage_Core_Block_Template->fetchView('frontend\defaul...')
#9 C:\wamp\www\magento\app\code\core\Mage\Core\Block\Template.php(286): Mage_Core_Block_Template->renderView()
#10 C:\wamp\www\magento\app\code\core\Mage\Core\Block\Abstract.php(919): Mage_Core_Block_Template->_toHtml()
#11 C:\wamp\www\magento\app\code\core\Mage\Core\Block\Text\List.php(43): Mage_Core_Block_Abstract->toHtml()
#12 C:\wamp\www\magento\app\code\core\Mage\Core\Block\Abstract.php(919): Mage_Core_Block_Text_List->_toHtml()
#13 C:\wamp\www\magento\app\code\core\Mage\Core\Block\Abstract.php(637): Mage_Core_Block_Abstract->toHtml()
#14 C:\wamp\www\magento\app\code\core\Mage\Core\Block\Abstract.php(581): Mage_Core_Block_Abstract->_getChildHtml('content', true)
#15 C:\wamp\www\magento\app\design\frontend\default\madame-modern\template\page\1column.phtml(48): Mage_Core_Block_Abstract->getChildHtml('content')
#16 C:\wamp\www\magento\app\code\core\Mage\Core\Block\Template.php(241): include('C:\wamp\www\mag...')
#17 C:\wamp\www\magento\app\code\core\Mage\Core\Block\Template.php(272): Mage_Core_Block_Template->fetchView('frontend\defaul...')
#18 C:\wamp\www\magento\app\code\core\Mage\Core\Block\Template.php(286): Mage_Core_Block_Template->renderView()
#19 C:\wamp\www\magento\app\code\core\Mage\Core\Block\Abstract.php(919): Mage_Core_Block_Template->_toHtml()
#20 C:\wamp\www\magento\app\code\core\Mage\Core\Model\Layout.php(555): Mage_Core_Block_Abstract->toHtml()
#21 C:\wamp\www\magento\app\code\core\Mage\Core\Controller\Varien\Action.php(390): Mage_Core_Model_Layout->getOutput()
#22 C:\wamp\www\magento\app\code\core\Mage\Catalog\Helper\Product\View.php(147): Mage_Core_Controller_Varien_Action->renderLayout()
#23 C:\wamp\www\magento\app\code\core\Mage\Catalog\controllers\ProductController.php(132): Mage_Catalog_Helper_Product_View->prepareAndRender(17, Object(Mage_Catalog_ProductController), Object(Varien_Object))
#24 C:\wamp\www\magento\app\code\core\Mage\Core\Controller\Varien\Action.php(418): Mage_Catalog_ProductController->viewAction()
#25 C:\wamp\www\magento\app\code\core\Mage\Core\Controller\Varien\Router\Standard.php(254): Mage_Core_Controller_Varien_Action->dispatch('view')
#26 C:\wamp\www\magento\app\code\core\Mage\Core\Controller\Varien\Front.php(172): Mage_Core_Controller_Varien_Router_Standard->match(Object(Mage_Core_Controller_Request_Http))
#27 C:\wamp\www\magento\app\code\core\Mage\Core\Model\App.php(365): Mage_Core_Controller_Varien_Front->dispatch()
#28 C:\wamp\www\magento\app\Mage.php(684): Mage_Core_Model_App->run(Array)
#29 C:\wamp\www\magento\index.php(83): Mage::run('', 'store')
#30 {main}
2017-02-01T09:45:53+00:00 ERR (3): 
exception 'Mage_Core_Exception' with message 'Mage registry key "_singleton/helloworld/visu_obs" already exists' in C:\wamp\www\magento\app\Mage.php:595
Stack trace:
#0 C:\wamp\www\magento\app\Mage.php(223): Mage::throwException('Mage registry k...')
#1 C:\wamp\www\magento\app\Mage.php(477): Mage::register('_singleton/hell...', false)
#2 C:\wamp\www\magento\app\code\core\Mage\Core\Model\App.php(1335): Mage::getSingleton('helloworld/visu...')
#3 C:\wamp\www\magento\app\Mage.php(448): Mage_Core_Model_App->dispatchEvent('catalog_product...', Array)
#4 C:\wamp\www\magento\app\code\core\Mage\Core\Model\Abstract.php(255): Mage::dispatchEvent('catalog_product...', Array)
#5 C:\wamp\www\magento\app\code\core\Mage\Core\Model\Abstract.php(224): Mage_Core_Model_Abstract->_beforeLoad('21', NULL)
#6 C:\wamp\www\magento\app\design\frontend\default\madame-modern\template\catalog\product\view.phtml(106): Mage_Core_Model_Abstract->load('21')
#7 C:\wamp\www\magento\app\code\core\Mage\Core\Block\Template.php(241): include('C:\wamp\www\mag...')
#8 C:\wamp\www\magento\app\code\core\Mage\Core\Block\Template.php(272): Mage_Core_Block_Template->fetchView('frontend\defaul...')
#9 C:\wamp\www\magento\app\code\core\Mage\Core\Block\Template.php(286): Mage_Core_Block_Template->renderView()
#10 C:\wamp\www\magento\app\code\core\Mage\Core\Block\Abstract.php(919): Mage_Core_Block_Template->_toHtml()
#11 C:\wamp\www\magento\app\code\core\Mage\Core\Block\Text\List.php(43): Mage_Core_Block_Abstract->toHtml()
#12 C:\wamp\www\magento\app\code\core\Mage\Core\Block\Abstract.php(919): Mage_Core_Block_Text_List->_toHtml()
#13 C:\wamp\www\magento\app\code\core\Mage\Core\Block\Abstract.php(637): Mage_Core_Block_Abstract->toHtml()
#14 C:\wamp\www\magento\app\code\core\Mage\Core\Block\Abstract.php(581): Mage_Core_Block_Abstract->_getChildHtml('content', true)
#15 C:\wamp\www\magento\app\design\frontend\default\madame-modern\template\page\1column.phtml(48): Mage_Core_Block_Abstract->getChildHtml('content')
#16 C:\wamp\www\magento\app\code\core\Mage\Core\Block\Template.php(241): include('C:\wamp\www\mag...')
#17 C:\wamp\www\magento\app\code\core\Mage\Core\Block\Template.php(272): Mage_Core_Block_Template->fetchView('frontend\defaul...')
#18 C:\wamp\www\magento\app\code\core\Mage\Core\Block\Template.php(286): Mage_Core_Block_Template->renderView()
#19 C:\wamp\www\magento\app\code\core\Mage\Core\Block\Abstract.php(919): Mage_Core_Block_Template->_toHtml()
#20 C:\wamp\www\magento\app\code\core\Mage\Core\Model\Layout.php(555): Mage_Core_Block_Abstract->toHtml()
#21 C:\wamp\www\magento\app\code\core\Mage\Core\Controller\Varien\Action.php(390): Mage_Core_Model_Layout->getOutput()
#22 C:\wamp\www\magento\app\code\core\Mage\Catalog\Helper\Product\View.php(147): Mage_Core_Controller_Varien_Action->renderLayout()
#23 C:\wamp\www\magento\app\code\core\Mage\Catalog\controllers\ProductController.php(132): Mage_Catalog_Helper_Product_View->prepareAndRender(20, Object(Mage_Catalog_ProductController), Object(Varien_Object))
#24 C:\wamp\www\magento\app\code\core\Mage\Core\Controller\Varien\Action.php(418): Mage_Catalog_ProductController->viewAction()
#25 C:\wamp\www\magento\app\code\core\Mage\Core\Controller\Varien\Router\Standard.php(254): Mage_Core_Controller_Varien_Action->dispatch('view')
#26 C:\wamp\www\magento\app\code\core\Mage\Core\Controller\Varien\Front.php(172): Mage_Core_Controller_Varien_Router_Standard->match(Object(Mage_Core_Controller_Request_Http))
#27 C:\wamp\www\magento\app\code\core\Mage\Core\Model\App.php(365): Mage_Core_Controller_Varien_Front->dispatch()
#28 C:\wamp\www\magento\app\Mage.php(684): Mage_Core_Model_App->run(Array)
#29 C:\wamp\www\magento\index.php(83): Mage::run('', 'store')
#30 {main}
2017-02-21T10:56:11+00:00 DEBUG (7): Exception message: This email address is already assigned to another user.
Trace: #0 C:\wamp\www\magento\app\code\core\Mage\Newsletter\controllers\SubscriberController.php(61): Mage::throwException('This email addr...')
#1 C:\wamp\www\magento\app\code\core\Mage\Core\Controller\Varien\Action.php(418): Mage_Newsletter_SubscriberController->newAction()
#2 C:\wamp\www\magento\app\code\core\Mage\Core\Controller\Varien\Router\Standard.php(254): Mage_Core_Controller_Varien_Action->dispatch('new')
#3 C:\wamp\www\magento\app\code\core\Mage\Core\Controller\Varien\Front.php(172): Mage_Core_Controller_Varien_Router_Standard->match(Object(Mage_Core_Controller_Request_Http))
#4 C:\wamp\www\magento\app\code\core\Mage\Core\Model\App.php(365): Mage_Core_Controller_Varien_Front->dispatch()
#5 C:\wamp\www\magento\app\Mage.php(684): Mage_Core_Model_App->run(Array)
#6 C:\wamp\www\magento\index.php(83): Mage::run('', 'store')
#7 {main}
2017-03-07T11:04:13+00:00 ERR (3): 
exception 'PDOException' with message 'SQLSTATE[23000]: Integrity constraint violation: 1062 Duplicate entry '27' for key 'PRIMARY'' in C:\wamp\www\magento\lib\Zend\Db\Statement\Pdo.php:228
Stack trace:
#0 C:\wamp\www\magento\lib\Zend\Db\Statement\Pdo.php(228): PDOStatement->execute(Array)
#1 C:\wamp\www\magento\lib\Varien\Db\Statement\Pdo\Mysql.php(110): Zend_Db_Statement_Pdo->_execute(Array)
#2 C:\wamp\www\magento\app\code\core\Zend\Db\Statement.php(291): Varien_Db_Statement_Pdo_Mysql->_execute(Array)
#3 C:\wamp\www\magento\lib\Zend\Db\Adapter\Abstract.php(480): Zend_Db_Statement->execute(Array)
#4 C:\wamp\www\magento\lib\Zend\Db\Adapter\Pdo\Abstract.php(238): Zend_Db_Adapter_Abstract->query('INSERT INTO `lo...', Array)
#5 C:\wamp\www\magento\lib\Varien\Db\Adapter\Pdo\Mysql.php(504): Zend_Db_Adapter_Pdo_Abstract->query('INSERT INTO `lo...', Array)
#6 C:\wamp\www\magento\lib\Zend\Db\Adapter\Abstract.php(576): Varien_Db_Adapter_Pdo_Mysql->query('INSERT INTO `lo...', Array)
#7 C:\wamp\www\magento\app\code\core\Mage\Log\Model\Resource\Visitor.php(290): Zend_Db_Adapter_Abstract->insert('log_quote', Array)
#8 C:\wamp\www\magento\app\code\core\Mage\Log\Model\Resource\Visitor.php(141): Mage_Log_Model_Resource_Visitor->_saveQuoteInfo(Object(Mage_Log_Model_Visitor))
#9 C:\wamp\www\magento\app\code\core\Mage\Core\Model\Resource\Db\Abstract.php(463): Mage_Log_Model_Resource_Visitor->_afterSave(Object(Mage_Log_Model_Visitor))
#10 C:\wamp\www\magento\app\code\core\Mage\Core\Model\Abstract.php(318): Mage_Core_Model_Resource_Db_Abstract->save(Object(Mage_Log_Model_Visitor))
#11 C:\wamp\www\magento\app\code\core\Mage\Log\Model\Visitor.php(237): Mage_Core_Model_Abstract->save()
#12 C:\wamp\www\magento\app\code\core\Mage\Core\Model\App.php(1357): Mage_Log_Model_Visitor->saveByRequest(Object(Varien_Event_Observer))
#13 C:\wamp\www\magento\app\code\core\Mage\Core\Model\App.php(1336): Mage_Core_Model_App->_callObserverMethod(Object(Mage_Log_Model_Visitor), 'saveByRequest', Object(Varien_Event_Observer))
#14 C:\wamp\www\magento\app\Mage.php(448): Mage_Core_Model_App->dispatchEvent('controller_acti...', Array)
#15 C:\wamp\www\magento\app\code\core\Mage\Core\Controller\Varien\Action.php(551): Mage::dispatchEvent('controller_acti...', Array)
#16 C:\wamp\www\magento\app\code\core\Mage\Core\Controller\Front\Action.php(80): Mage_Core_Controller_Varien_Action->postDispatch()
#17 C:\wamp\www\magento\app\code\core\Mage\Core\Controller\Varien\Action.php(422): Mage_Core_Controller_Front_Action->postDispatch()
#18 C:\wamp\www\magento\app\code\core\Mage\Core\Controller\Varien\Router\Standard.php(254): Mage_Core_Controller_Varien_Action->dispatch('add')
#19 C:\wamp\www\magento\app\code\core\Mage\Core\Controller\Varien\Front.php(172): Mage_Core_Controller_Varien_Router_Standard->match(Object(Mage_Core_Controller_Request_Http))
#20 C:\wamp\www\magento\app\code\core\Mage\Core\Model\App.php(365): Mage_Core_Controller_Varien_Front->dispatch()
#21 C:\wamp\www\magento\app\Mage.php(684): Mage_Core_Model_App->run(Array)
#22 C:\wamp\www\magento\index.php(83): Mage::run('', 'store')
#23 {main}

Next exception 'Zend_Db_Statement_Exception' with message 'SQLSTATE[23000]: Integrity constraint violation: 1062 Duplicate entry '27' for key 'PRIMARY', query was: INSERT INTO `log_quote` (`quote_id`, `visitor_id`, `created_at`) VALUES (?, ?, '2017-03-07 11:04:13')' in C:\wamp\www\magento\lib\Zend\Db\Statement\Pdo.php:235
Stack trace:
#0 C:\wamp\www\magento\lib\Varien\Db\Statement\Pdo\Mysql.php(110): Zend_Db_Statement_Pdo->_execute(Array)
#1 C:\wamp\www\magento\app\code\core\Zend\Db\Statement.php(291): Varien_Db_Statement_Pdo_Mysql->_execute(Array)
#2 C:\wamp\www\magento\lib\Zend\Db\Adapter\Abstract.php(480): Zend_Db_Statement->execute(Array)
#3 C:\wamp\www\magento\lib\Zend\Db\Adapter\Pdo\Abstract.php(238): Zend_Db_Adapter_Abstract->query('INSERT INTO `lo...', Array)
#4 C:\wamp\www\magento\lib\Varien\Db\Adapter\Pdo\Mysql.php(504): Zend_Db_Adapter_Pdo_Abstract->query('INSERT INTO `lo...', Array)
#5 C:\wamp\www\magento\lib\Zend\Db\Adapter\Abstract.php(576): Varien_Db_Adapter_Pdo_Mysql->query('INSERT INTO `lo...', Array)
#6 C:\wamp\www\magento\app\code\core\Mage\Log\Model\Resource\Visitor.php(290): Zend_Db_Adapter_Abstract->insert('log_quote', Array)
#7 C:\wamp\www\magento\app\code\core\Mage\Log\Model\Resource\Visitor.php(141): Mage_Log_Model_Resource_Visitor->_saveQuoteInfo(Object(Mage_Log_Model_Visitor))
#8 C:\wamp\www\magento\app\code\core\Mage\Core\Model\Resource\Db\Abstract.php(463): Mage_Log_Model_Resource_Visitor->_afterSave(Object(Mage_Log_Model_Visitor))
#9 C:\wamp\www\magento\app\code\core\Mage\Core\Model\Abstract.php(318): Mage_Core_Model_Resource_Db_Abstract->save(Object(Mage_Log_Model_Visitor))
#10 C:\wamp\www\magento\app\code\core\Mage\Log\Model\Visitor.php(237): Mage_Core_Model_Abstract->save()
#11 C:\wamp\www\magento\app\code\core\Mage\Core\Model\App.php(1357): Mage_Log_Model_Visitor->saveByRequest(Object(Varien_Event_Observer))
#12 C:\wamp\www\magento\app\code\core\Mage\Core\Model\App.php(1336): Mage_Core_Model_App->_callObserverMethod(Object(Mage_Log_Model_Visitor), 'saveByRequest', Object(Varien_Event_Observer))
#13 C:\wamp\www\magento\app\Mage.php(448): Mage_Core_Model_App->dispatchEvent('controller_acti...', Array)
#14 C:\wamp\www\magento\app\code\core\Mage\Core\Controller\Varien\Action.php(551): Mage::dispatchEvent('controller_acti...', Array)
#15 C:\wamp\www\magento\app\code\core\Mage\Core\Controller\Front\Action.php(80): Mage_Core_Controller_Varien_Action->postDispatch()
#16 C:\wamp\www\magento\app\code\core\Mage\Core\Controller\Varien\Action.php(422): Mage_Core_Controller_Front_Action->postDispatch()
#17 C:\wamp\www\magento\app\code\core\Mage\Core\Controller\Varien\Router\Standard.php(254): Mage_Core_Controller_Varien_Action->dispatch('add')
#18 C:\wamp\www\magento\app\code\core\Mage\Core\Controller\Varien\Front.php(172): Mage_Core_Controller_Varien_Router_Standard->match(Object(Mage_Core_Controller_Request_Http))
#19 C:\wamp\www\magento\app\code\core\Mage\Core\Model\App.php(365): Mage_Core_Controller_Varien_Front->dispatch()
#20 C:\wamp\www\magento\app\Mage.php(684): Mage_Core_Model_App->run(Array)
#21 C:\wamp\www\magento\index.php(83): Mage::run('', 'store')
#22 {main}
2017-03-18T06:55:39+00:00 ERR (3): 
exception 'Zend_Mail_Transport_Exception' with message 'Unable to send mail. ' in C:\wamp\www\magento\lib\Zend\Mail\Transport\Sendmail.php:137
Stack trace:
#0 C:\wamp\www\magento\lib\Zend\Mail\Transport\Abstract.php(348): Zend_Mail_Transport_Sendmail->_sendMail()
#1 C:\wamp\www\magento\lib\Zend\Mail.php(1194): Zend_Mail_Transport_Abstract->send(Object(Zend_Mail))
#2 C:\wamp\www\magento\app\code\core\Mage\Core\Model\Email\Template.php(451): Zend_Mail->send()
#3 C:\wamp\www\magento\app\code\core\Mage\Core\Model\Email\Template.php(508): Mage_Core_Model_Email_Template->send(Array, Array, Array)
#4 C:\wamp\www\magento\app\code\core\Mage\Core\Model\Email\Template\Mailer.php(84): Mage_Core_Model_Email_Template->sendTransactional('customer_passwo...', 'support', Array, Array, Array, '1')
#5 C:\wamp\www\magento\app\code\core\Mage\Customer\Model\Customer.php(680): Mage_Core_Model_Email_Template_Mailer->send()
#6 C:\wamp\www\magento\app\code\core\Mage\Customer\Model\Customer.php(697): Mage_Customer_Model_Customer->_sendEmailTemplate('customer/passwo...', 'customer/passwo...', Array, '1')
#7 C:\wamp\www\magento\app\code\core\Mage\Customer\controllers\AccountController.php(721): Mage_Customer_Model_Customer->sendPasswordResetConfirmationEmail()
#8 C:\wamp\www\magento\app\code\core\Mage\Core\Controller\Varien\Action.php(418): Mage_Customer_AccountController->forgotPasswordPostAction()
#9 C:\wamp\www\magento\app\code\core\Mage\Core\Controller\Varien\Router\Standard.php(254): Mage_Core_Controller_Varien_Action->dispatch('forgotpasswordp...')
#10 C:\wamp\www\magento\app\code\core\Mage\Core\Controller\Varien\Front.php(172): Mage_Core_Controller_Varien_Router_Standard->match(Object(Mage_Core_Controller_Request_Http))
#11 C:\wamp\www\magento\app\code\core\Mage\Core\Model\App.php(365): Mage_Core_Controller_Varien_Front->dispatch()
#12 C:\wamp\www\magento\app\Mage.php(684): Mage_Core_Model_App->run(Array)
#13 C:\wamp\www\magento\index.php(83): Mage::run('', 'store')
#14 {main}
2017-03-18T06:55:42+00:00 ERR (3): 
exception 'Zend_Mail_Transport_Exception' with message 'Unable to send mail. ' in C:\wamp\www\magento\lib\Zend\Mail\Transport\Sendmail.php:137
Stack trace:
#0 C:\wamp\www\magento\lib\Zend\Mail\Transport\Abstract.php(348): Zend_Mail_Transport_Sendmail->_sendMail()
#1 C:\wamp\www\magento\lib\Zend\Mail.php(1194): Zend_Mail_Transport_Abstract->send(Object(Zend_Mail))
#2 C:\wamp\www\magento\app\code\core\Mage\Core\Model\Email\Template.php(451): Zend_Mail->send()
#3 C:\wamp\www\magento\app\code\core\Mage\Core\Model\Email\Template.php(508): Mage_Core_Model_Email_Template->send(Array, Array, Array)
#4 C:\wamp\www\magento\app\code\core\Mage\Core\Model\Email\Template\Mailer.php(84): Mage_Core_Model_Email_Template->sendTransactional('customer_passwo...', 'support', Array, Array, Array, '1')
#5 C:\wamp\www\magento\app\code\core\Mage\Customer\Model\Customer.php(680): Mage_Core_Model_Email_Template_Mailer->send()
#6 C:\wamp\www\magento\app\code\core\Mage\Customer\Model\Customer.php(697): Mage_Customer_Model_Customer->_sendEmailTemplate('customer/passwo...', 'customer/passwo...', Array, '1')
#7 C:\wamp\www\magento\app\code\core\Mage\Customer\controllers\AccountController.php(721): Mage_Customer_Model_Customer->sendPasswordResetConfirmationEmail()
#8 C:\wamp\www\magento\app\code\core\Mage\Core\Controller\Varien\Action.php(418): Mage_Customer_AccountController->forgotPasswordPostAction()
#9 C:\wamp\www\magento\app\code\core\Mage\Core\Controller\Varien\Router\Standard.php(254): Mage_Core_Controller_Varien_Action->dispatch('forgotpasswordp...')
#10 C:\wamp\www\magento\app\code\core\Mage\Core\Controller\Varien\Front.php(172): Mage_Core_Controller_Varien_Router_Standard->match(Object(Mage_Core_Controller_Request_Http))
#11 C:\wamp\www\magento\app\code\core\Mage\Core\Model\App.php(365): Mage_Core_Controller_Varien_Front->dispatch()
#12 C:\wamp\www\magento\app\Mage.php(684): Mage_Core_Model_App->run(Array)
#13 C:\wamp\www\magento\index.php(83): Mage::run('', 'store')
#14 {main}
